<?xml version="1.0" encoding="utf-8"?><testsuites name="pytest tests"><testsuite name="pytest" errors="0" failures="0" skipped="0" tests="20" time="2.983" timestamp="2026-06-07T06:33:29.692832+00:00" hostname="agent-env-b25210db-cf9a-4eb8-8147-daf925b6445e"><testcase classname="tests.backend_test" name="test_root_health" time="0.231" /><testcase classname="tests.backend_test" name="test_auth_me_without_token" time="0.147" /><testcase classname="tests.backend_test" name="test_auth_me_with_invalid_token" time="0.135" /><testcase classname="tests.backend_test" name="test_auth_me_with_valid_token" time="0.105" /><testcase classname="tests.backend_test" name="test_auth_session_invalid_session_id" time="0.218" /><testcase classname="tests.backend_test" name="test_create_job" time="0.122" /><testcase classname="tests.backend_test" name="test_list_jobs_basic" time="0.149" /><testcase classname="tests.backend_test" name="test_list_jobs_search_by_car_number" time="0.105" /><testcase classname="tests.backend_test" name="test_list_jobs_search_by_customer_name" time="0.136" /><testcase classname="tests.backend_test" name="test_list_jobs_status_filter_pending" time="0.103" /><testcase classname="tests.backend_test" name="test_get_job" time="0.106" /><testcase classname="tests.backend_test" name="test_get_job_404" time="0.098" /><testcase classname="tests.backend_test" name="test_patch_job_to_in_progress" time="0.218" /><testcase classname="tests.backend_test" name="test_patch_job_to_completed" time="0.105" /><testcase classname="tests.backend_test" name="test_patch_job_invalid_status" time="0.100" /><testcase classname="tests.backend_test" name="test_stats" time="0.103" /><testcase classname="tests.backend_test" name="test_mechanic_cannot_delete" time="0.108" /><testcase classname="tests.backend_test" name="test_owner_can_delete" time="0.284" /><testcase classname="tests.backend_test" name="test_delete_nonexistent_job" time="0.121" /><testcase classname="tests.backend_test" name="test_list_jobs_requires_auth" time="0.102" /></testsuite></testsuites>